<?xml version="1.0" encoding="UTF-8"?>
<testng-results ignored="0" total="2" passed="2" failed="0" skipped="0">
  <reporter-output>
    <line>
      <![CDATA[Close alert pop up ]]>
    </line>
    <line>
      <![CDATA[Click the Get Started Button]]>
    </line>
    <line>
      <![CDATA[Click the ETH Token]]>
    </line>
    <line>
      <![CDATA[Click Buy Icon]]>
    </line>
    <line>
      <![CDATA[Assert the message]]>
    </line>
  </reporter-output>
  <suite started-at="2024-04-13T23:02:07 EET" name="SampleMobileAutomation" finished-at="2024-04-13T23:02:20 EET" duration-ms="13224">
    <groups>
    </groups>
    <test started-at="2024-04-13T23:02:07 EET" name="Test" finished-at="2024-04-13T23:02:20 EET" duration-ms="13224">
      <class name="tests.CreateNewWallet">
        <test-method signature="newWallet()[pri:0, instance:tests.CreateNewWallet@23c30a20]" started-at="2024-04-13T23:02:11 EET" name="newWallet" description="Should not buy and token without wallet" finished-at="2024-04-13T23:02:20 EET" duration-ms="9272" status="PASS">
          <reporter-output>
            <line>
              <![CDATA[Click the ETH Token]]>
            </line>
            <line>
              <![CDATA[Click Buy Icon]]>
            </line>
            <line>
              <![CDATA[Assert the message]]>
            </line>
          </reporter-output>
        </test-method> <!-- newWallet -->
      </class> <!-- tests.CreateNewWallet -->
      <class name="tests.OnBoardingTest">
        <test-method is-config="true" signature="setUp()[pri:0, instance:tests.OnBoardingTest@32502377]" started-at="2024-04-13T23:01:56 EET" name="setUp" finished-at="2024-04-13T23:02:07 EET" duration-ms="11166" status="PASS">
          <reporter-output>
          </reporter-output>
        </test-method> <!-- setUp -->
        <test-method signature="onBoardingTest()[pri:0, instance:tests.OnBoardingTest@32502377]" started-at="2024-04-13T23:02:07 EET" name="onBoardingTest" description="On Boarding description" finished-at="2024-04-13T23:02:11 EET" duration-ms="3920" status="PASS">
          <reporter-output>
            <line>
              <![CDATA[Close alert pop up ]]>
            </line>
            <line>
              <![CDATA[Click the Get Started Button]]>
            </line>
          </reporter-output>
        </test-method> <!-- onBoardingTest -->
      </class> <!-- tests.OnBoardingTest -->
    </test> <!-- Test -->
  </suite> <!-- SampleMobileAutomation -->
</testng-results>
